--------------- Build Started: 09/09/2020 17:09:34 Project: CarDesign, Configuration: ARM GCC 5.4-2016-q2-update Debug ---------------
cydsfit.exe -.appdatapath "C:\Users\Administer\AppData\Local\Cypress Semiconductor\PSoC Creator\4.2" -.fdsnotice -.fdswarpdepfile=warp_dependencies.txt -.fdselabdepfile=elab_dependencies.txt -.fdsbldfile=generated_files.txt -.fdsreffile=referenced_files.txt -p C:\Users\Administer\Desktop\BalanceCar_20200909091038\BalanceCar_20200909081101\BalanceCar_202009081101\BalanceCar\CarDesign.cydsn\CarDesign.cyprj -d CY8C6347BZI-BLD53 -s C:\Users\Administer\Desktop\BalanceCar_20200909091038\BalanceCar_20200909081101\BalanceCar_202009081101\BalanceCar\CarDesign.cydsn\Generated_Source\PSoC6 -- -yv2 -q10 -ygs -o2 -v3 -.fftcfgtype=LE
Elaborating Design...
HDL Generation...
Synthesis...
Tech Mapping...
Info: plm.M0038: The pin named CY_CPUSS_SWJ_SWCLK_TCLK(0) at location P6[7] prevents usage of special purposes: TCPWM[3].line_compl. (App=cydsfit)
Info: plm.M0038: The pin named CY_CPUSS_SWJ_SWCLK_TCLK(0) at location P6[7] prevents usage of special purposes: TCPWM[19].line_compl. (App=cydsfit)
Info: plm.M0038: The pin named CY_CPUSS_SWJ_SWCLK_TCLK(0) at location P6[7] prevents usage of special purposes: SCB[6].uart_cts. (App=cydsfit)
Info: plm.M0038: The pin named CY_CPUSS_SWJ_SWCLK_TCLK(0) at location P6[7] prevents usage of special purposes: SCB[6].spi_select[0]. (App=cydsfit)
Info: plm.M0038: The pin named CY_CPUSS_SWJ_SWCLK_TCLK(0) at location P6[7] prevents usage of special purposes: SCB[8].spi_select[0]. (App=cydsfit)
Info: plm.M0038: The pin named CY_CPUSS_SWJ_SWDIO_TMS(0) at location P6[6] prevents usage of special purposes: TCPWM[3].line. (App=cydsfit)
Info: plm.M0038: The pin named CY_CPUSS_SWJ_SWDIO_TMS(0) at location P6[6] prevents usage of special purposes: TCPWM[19].line. (App=cydsfit)
Info: plm.M0038: The pin named CY_CPUSS_SWJ_SWDIO_TMS(0) at location P6[6] prevents usage of special purposes: SCB[6].uart_rts. (App=cydsfit)
Info: plm.M0038: The pin named CY_CPUSS_SWJ_SWDIO_TMS(0) at location P6[6] prevents usage of special purposes: SCB[6].spi_clk. (App=cydsfit)
Info: plm.M0038: The pin named CY_CPUSS_SWJ_SWDIO_TMS(0) at location P6[6] prevents usage of special purposes: SCB[8].spi_clk. (App=cydsfit)
Analog Placement...
Analog Routing...
Analog Code Generation...
Digital Placement...
Digital Routing...
Bitstream Generation...
Bitstream Verification...
Static timing analysis...
API Generation...
Dependency Generation...
Cleanup...
--------------- Build Skipped: 09/09/2020 17:10:08 ---------------
